[INFO  - 2015-02-28T03:10:17.958Z] GhostDriver - Main - running on port 26655
[INFO  - 2015-02-28T03:10:18.336Z] Session [52ccf1c0-bef7-11e4-87a6-ad3bddf9a409] - page.settings - {"XSSAuditingEnabled":false,"javascriptCanCloseWindows":true,"javascriptCanOpenWindows":true,"javascriptEnabled":true,"loadImages":true,"localToRemoteUrlAccessEnabled":false,"userAgent":"Mozilla/5.0 (Macintosh; PPC Mac OS X) AppleWebKit/534.34 (KHTML, like Gecko) PhantomJS/1.9.8 Safari/534.34","webSecurityEnabled":true}
[INFO  - 2015-02-28T03:10:18.336Z] Session [52ccf1c0-bef7-11e4-87a6-ad3bddf9a409] - page.customHeaders:  - {}
[INFO  - 2015-02-28T03:10:18.336Z] Session [52ccf1c0-bef7-11e4-87a6-ad3bddf9a409] - Session.negotiatedCapabilities - {"browserName":"phantomjs","version":"1.9.8","driverName":"ghostdriver","driverVersion":"1.1.0","platform":"mac-10.10 (Yosemite)-64bit","javascriptEnabled":true,"takesScreenshot":true,"handlesAlerts":false,"databaseEnabled":false,"locationContextEnabled":false,"applicationCacheEnabled":false,"browserConnectionEnabled":false,"cssSelectorsEnabled":true,"webStorageEnabled":false,"rotatable":false,"acceptSslCerts":false,"nativeEvents":true,"proxy":{"proxyType":"direct"}}
[INFO  - 2015-02-28T03:10:18.336Z] SessionManagerReqHand - _postNewSessionCommand - New Session Created: 52ccf1c0-bef7-11e4-87a6-ad3bddf9a409
[INFO  - 2015-02-28T03:15:17.960Z] SessionManagerReqHand - _cleanupWindowlessSessions - Asynchronous Sessions clean-up phase starting NOW
[INFO  - 2015-02-28T03:20:17.965Z] SessionManagerReqHand - _cleanupWindowlessSessions - Asynchronous Sessions clean-up phase starting NOW
[INFO  - 2015-02-28T03:25:17.966Z] SessionManagerReqHand - _cleanupWindowlessSessions - Asynchronous Sessions clean-up phase starting NOW
[INFO  - 2015-02-28T03:30:17.968Z] SessionManagerReqHand - _cleanupWindowlessSessions - Asynchronous Sessions clean-up phase starting NOW
[INFO  - 2015-02-28T03:35:17.972Z] SessionManagerReqHand - _cleanupWindowlessSessions - Asynchronous Sessions clean-up phase starting NOW
[INFO  - 2015-02-28T03:40:17.974Z] SessionManagerReqHand - _cleanupWindowlessSessions - Asynchronous Sessions clean-up phase starting NOW
[INFO  - 2015-02-28T03:43:27.621Z] GhostDriver - Main - running on port 46383
[INFO  - 2015-02-28T03:43:28.234Z] Session [f4df4860-befb-11e4-95b7-c9c7e4d2de21] - page.settings - {"XSSAuditingEnabled":false,"javascriptCanCloseWindows":true,"javascriptCanOpenWindows":true,"javascriptEnabled":true,"loadImages":true,"localToRemoteUrlAccessEnabled":false,"userAgent":"Mozilla/5.0 (Macintosh; PPC Mac OS X) AppleWebKit/534.34 (KHTML, like Gecko) PhantomJS/1.9.8 Safari/534.34","webSecurityEnabled":true}
[INFO  - 2015-02-28T03:43:28.234Z] Session [f4df4860-befb-11e4-95b7-c9c7e4d2de21] - page.customHeaders:  - {}
[INFO  - 2015-02-28T03:43:28.234Z] Session [f4df4860-befb-11e4-95b7-c9c7e4d2de21] - Session.negotiatedCapabilities - {"browserName":"phantomjs","version":"1.9.8","driverName":"ghostdriver","driverVersion":"1.1.0","platform":"mac-10.10 (Yosemite)-64bit","javascriptEnabled":true,"takesScreenshot":true,"handlesAlerts":false,"databaseEnabled":false,"locationContextEnabled":false,"applicationCacheEnabled":false,"browserConnectionEnabled":false,"cssSelectorsEnabled":true,"webStorageEnabled":false,"rotatable":false,"acceptSslCerts":false,"nativeEvents":true,"proxy":{"proxyType":"direct"}}
[INFO  - 2015-02-28T03:43:28.234Z] SessionManagerReqHand - _postNewSessionCommand - New Session Created: f4df4860-befb-11e4-95b7-c9c7e4d2de21
[INFO  - 2015-02-28T03:43:49.246Z] GhostDriver - Main - running on port 4370
[INFO  - 2015-02-28T03:43:49.544Z] Session [0192ee40-befc-11e4-868b-9fa3a8d9ec7d] - page.settings - {"XSSAuditingEnabled":false,"javascriptCanCloseWindows":true,"javascriptCanOpenWindows":true,"javascriptEnabled":true,"loadImages":true,"localToRemoteUrlAccessEnabled":false,"userAgent":"Mozilla/5.0 (Macintosh; PPC Mac OS X) AppleWebKit/534.34 (KHTML, like Gecko) PhantomJS/1.9.8 Safari/534.34","webSecurityEnabled":true}
[INFO  - 2015-02-28T03:43:49.544Z] Session [0192ee40-befc-11e4-868b-9fa3a8d9ec7d] - page.customHeaders:  - {}
[INFO  - 2015-02-28T03:43:49.544Z] Session [0192ee40-befc-11e4-868b-9fa3a8d9ec7d] - Session.negotiatedCapabilities - {"browserName":"phantomjs","version":"1.9.8","driverName":"ghostdriver","driverVersion":"1.1.0","platform":"mac-10.10 (Yosemite)-64bit","javascriptEnabled":true,"takesScreenshot":true,"handlesAlerts":false,"databaseEnabled":false,"locationContextEnabled":false,"applicationCacheEnabled":false,"browserConnectionEnabled":false,"cssSelectorsEnabled":true,"webStorageEnabled":false,"rotatable":false,"acceptSslCerts":false,"nativeEvents":true,"proxy":{"proxyType":"direct"}}
[INFO  - 2015-02-28T03:43:49.544Z] SessionManagerReqHand - _postNewSessionCommand - New Session Created: 0192ee40-befc-11e4-868b-9fa3a8d9ec7d
[INFO  - 2015-02-28T03:44:49.012Z] GhostDriver - Main - running on port 18854
[INFO  - 2015-02-28T03:44:49.363Z] Session [253a95f0-befc-11e4-b0fa-c559e07bd82f] - page.settings - {"XSSAuditingEnabled":false,"javascriptCanCloseWindows":true,"javascriptCanOpenWindows":true,"javascriptEnabled":true,"loadImages":true,"localToRemoteUrlAccessEnabled":false,"userAgent":"Mozilla/5.0 (Macintosh; PPC Mac OS X) AppleWebKit/534.34 (KHTML, like Gecko) PhantomJS/1.9.8 Safari/534.34","webSecurityEnabled":true}
[INFO  - 2015-02-28T03:44:49.363Z] Session [253a95f0-befc-11e4-b0fa-c559e07bd82f] - page.customHeaders:  - {}
[INFO  - 2015-02-28T03:44:49.363Z] Session [253a95f0-befc-11e4-b0fa-c559e07bd82f] - Session.negotiatedCapabilities - {"browserName":"phantomjs","version":"1.9.8","driverName":"ghostdriver","driverVersion":"1.1.0","platform":"mac-10.10 (Yosemite)-64bit","javascriptEnabled":true,"takesScreenshot":true,"handlesAlerts":false,"databaseEnabled":false,"locationContextEnabled":false,"applicationCacheEnabled":false,"browserConnectionEnabled":false,"cssSelectorsEnabled":true,"webStorageEnabled":false,"rotatable":false,"acceptSslCerts":false,"nativeEvents":true,"proxy":{"proxyType":"direct"}}
[INFO  - 2015-02-28T03:44:49.363Z] SessionManagerReqHand - _postNewSessionCommand - New Session Created: 253a95f0-befc-11e4-b0fa-c559e07bd82f
[INFO  - 2015-02-28T03:45:14.983Z] GhostDriver - Main - running on port 41311
[INFO  - 2015-02-28T03:45:15.391Z] Session [34be24b0-befc-11e4-a14c-d1296bd06f76] - page.settings - {"XSSAuditingEnabled":false,"javascriptCanCloseWindows":true,"javascriptCanOpenWindows":true,"javascriptEnabled":true,"loadImages":true,"localToRemoteUrlAccessEnabled":false,"userAgent":"Mozilla/5.0 (Macintosh; PPC Mac OS X) AppleWebKit/534.34 (KHTML, like Gecko) PhantomJS/1.9.8 Safari/534.34","webSecurityEnabled":true}
[INFO  - 2015-02-28T03:45:15.391Z] Session [34be24b0-befc-11e4-a14c-d1296bd06f76] - page.customHeaders:  - {}
[INFO  - 2015-02-28T03:45:15.391Z] Session [34be24b0-befc-11e4-a14c-d1296bd06f76] - Session.negotiatedCapabilities - {"browserName":"phantomjs","version":"1.9.8","driverName":"ghostdriver","driverVersion":"1.1.0","platform":"mac-10.10 (Yosemite)-64bit","javascriptEnabled":true,"takesScreenshot":true,"handlesAlerts":false,"databaseEnabled":false,"locationContextEnabled":false,"applicationCacheEnabled":false,"browserConnectionEnabled":false,"cssSelectorsEnabled":true,"webStorageEnabled":false,"rotatable":false,"acceptSslCerts":false,"nativeEvents":true,"proxy":{"proxyType":"direct"}}
[INFO  - 2015-02-28T03:45:15.391Z] SessionManagerReqHand - _postNewSessionCommand - New Session Created: 34be24b0-befc-11e4-a14c-d1296bd06f76
[INFO  - 2015-02-28T03:45:17.975Z] SessionManagerReqHand - _cleanupWindowlessSessions - Asynchronous Sessions clean-up phase starting NOW
[INFO  - 2015-02-28T03:48:27.625Z] SessionManagerReqHand - _cleanupWindowlessSessions - Asynchronous Sessions clean-up phase starting NOW
[INFO  - 2015-02-28T03:48:49.245Z] SessionManagerReqHand - _cleanupWindowlessSessions - Asynchronous Sessions clean-up phase starting NOW
[INFO  - 2015-02-28T03:49:49.016Z] SessionManagerReqHand - _cleanupWindowlessSessions - Asynchronous Sessions clean-up phase starting NOW
[INFO  - 2015-02-28T03:50:14.984Z] SessionManagerReqHand - _cleanupWindowlessSessions - Asynchronous Sessions clean-up phase starting NOW
[INFO  - 2015-02-28T03:50:17.975Z] SessionManagerReqHand - _cleanupWindowlessSessions - Asynchronous Sessions clean-up phase starting NOW
[INFO  - 2015-02-28T03:53:27.625Z] SessionManagerReqHand - _cleanupWindowlessSessions - Asynchronous Sessions clean-up phase starting NOW
[INFO  - 2015-02-28T03:53:29.786Z] GhostDriver - Main - running on port 16401
[INFO  - 2015-02-28T03:53:30.092Z] Session [5b9b8680-befd-11e4-9fe5-5d46ce491d00] - page.settings - {"XSSAuditingEnabled":false,"javascriptCanCloseWindows":true,"javascriptCanOpenWindows":true,"javascriptEnabled":true,"loadImages":true,"localToRemoteUrlAccessEnabled":false,"userAgent":"Mozilla/5.0 (Macintosh; PPC Mac OS X) AppleWebKit/534.34 (KHTML, like Gecko) PhantomJS/1.9.8 Safari/534.34","webSecurityEnabled":true}
[INFO  - 2015-02-28T03:53:30.092Z] Session [5b9b8680-befd-11e4-9fe5-5d46ce491d00] - page.customHeaders:  - {}
[INFO  - 2015-02-28T03:53:30.092Z] Session [5b9b8680-befd-11e4-9fe5-5d46ce491d00] - Session.negotiatedCapabilities - {"browserName":"phantomjs","version":"1.9.8","driverName":"ghostdriver","driverVersion":"1.1.0","platform":"mac-10.10 (Yosemite)-64bit","javascriptEnabled":true,"takesScreenshot":true,"handlesAlerts":false,"databaseEnabled":false,"locationContextEnabled":false,"applicationCacheEnabled":false,"browserConnectionEnabled":false,"cssSelectorsEnabled":true,"webStorageEnabled":false,"rotatable":false,"acceptSslCerts":false,"nativeEvents":true,"proxy":{"proxyType":"direct"}}
[INFO  - 2015-02-28T03:53:30.093Z] SessionManagerReqHand - _postNewSessionCommand - New Session Created: 5b9b8680-befd-11e4-9fe5-5d46ce491d00
[INFO  - 2015-02-28T03:53:49.245Z] SessionManagerReqHand - _cleanupWindowlessSessions - Asynchronous Sessions clean-up phase starting NOW
[INFO  - 2015-02-28T03:53:51.301Z] GhostDriver - Main - running on port 48553
[INFO  - 2015-02-28T03:53:51.604Z] Session [686dff00-befd-11e4-b0c1-2f045867fd21] - page.settings - {"XSSAuditingEnabled":false,"javascriptCanCloseWindows":true,"javascriptCanOpenWindows":true,"javascriptEnabled":true,"loadImages":true,"localToRemoteUrlAccessEnabled":false,"userAgent":"Mozilla/5.0 (Macintosh; PPC Mac OS X) AppleWebKit/534.34 (KHTML, like Gecko) PhantomJS/1.9.8 Safari/534.34","webSecurityEnabled":true}
[INFO  - 2015-02-28T03:53:51.604Z] Session [686dff00-befd-11e4-b0c1-2f045867fd21] - page.customHeaders:  - {}
[INFO  - 2015-02-28T03:53:51.604Z] Session [686dff00-befd-11e4-b0c1-2f045867fd21] - Session.negotiatedCapabilities - {"browserName":"phantomjs","version":"1.9.8","driverName":"ghostdriver","driverVersion":"1.1.0","platform":"mac-10.10 (Yosemite)-64bit","javascriptEnabled":true,"takesScreenshot":true,"handlesAlerts":false,"databaseEnabled":false,"locationContextEnabled":false,"applicationCacheEnabled":false,"browserConnectionEnabled":false,"cssSelectorsEnabled":true,"webStorageEnabled":false,"rotatable":false,"acceptSslCerts":false,"nativeEvents":true,"proxy":{"proxyType":"direct"}}
[INFO  - 2015-02-28T03:53:51.604Z] SessionManagerReqHand - _postNewSessionCommand - New Session Created: 686dff00-befd-11e4-b0c1-2f045867fd21
[INFO  - 2015-02-28T03:54:49.019Z] SessionManagerReqHand - _cleanupWindowlessSessions - Asynchronous Sessions clean-up phase starting NOW
[INFO  - 2015-02-28T03:55:14.985Z] SessionManagerReqHand - _cleanupWindowlessSessions - Asynchronous Sessions clean-up phase starting NOW
[INFO  - 2015-02-28T03:55:17.975Z] SessionManagerReqHand - _cleanupWindowlessSessions - Asynchronous Sessions clean-up phase starting NOW
[INFO  - 2015-02-28T03:55:41.273Z] GhostDriver - Main - running on port 16126
[INFO  - 2015-02-28T03:55:41.645Z] Session [aa04c480-befd-11e4-aa55-3b16ed5cddb7] - page.settings - {"XSSAuditingEnabled":false,"javascriptCanCloseWindows":true,"javascriptCanOpenWindows":true,"javascriptEnabled":true,"loadImages":true,"localToRemoteUrlAccessEnabled":false,"userAgent":"Mozilla/5.0 (Macintosh; PPC Mac OS X) AppleWebKit/534.34 (KHTML, like Gecko) PhantomJS/1.9.8 Safari/534.34","webSecurityEnabled":true}
[INFO  - 2015-02-28T03:55:41.645Z] Session [aa04c480-befd-11e4-aa55-3b16ed5cddb7] - page.customHeaders:  - {}
[INFO  - 2015-02-28T03:55:41.645Z] Session [aa04c480-befd-11e4-aa55-3b16ed5cddb7] - Session.negotiatedCapabilities - {"browserName":"phantomjs","version":"1.9.8","driverName":"ghostdriver","driverVersion":"1.1.0","platform":"mac-10.10 (Yosemite)-64bit","javascriptEnabled":true,"takesScreenshot":true,"handlesAlerts":false,"databaseEnabled":false,"locationContextEnabled":false,"applicationCacheEnabled":false,"browserConnectionEnabled":false,"cssSelectorsEnabled":true,"webStorageEnabled":false,"rotatable":false,"acceptSslCerts":false,"nativeEvents":true,"proxy":{"proxyType":"direct"}}
[INFO  - 2015-02-28T03:55:41.645Z] SessionManagerReqHand - _postNewSessionCommand - New Session Created: aa04c480-befd-11e4-aa55-3b16ed5cddb7
[INFO  - 2015-02-28T03:56:01.462Z] GhostDriver - Main - running on port 15789
[INFO  - 2015-02-28T03:56:02.038Z] Session [b62ca520-befd-11e4-8ad4-c393d9cb168f] - page.settings - {"XSSAuditingEnabled":false,"javascriptCanCloseWindows":true,"javascriptCanOpenWindows":true,"javascriptEnabled":true,"loadImages":true,"localToRemoteUrlAccessEnabled":false,"userAgent":"Mozilla/5.0 (Macintosh; PPC Mac OS X) AppleWebKit/534.34 (KHTML, like Gecko) PhantomJS/1.9.8 Safari/534.34","webSecurityEnabled":true}
[INFO  - 2015-02-28T03:56:02.038Z] Session [b62ca520-befd-11e4-8ad4-c393d9cb168f] - page.customHeaders:  - {}
[INFO  - 2015-02-28T03:56:02.038Z] Session [b62ca520-befd-11e4-8ad4-c393d9cb168f] - Session.negotiatedCapabilities - {"browserName":"phantomjs","version":"1.9.8","driverName":"ghostdriver","driverVersion":"1.1.0","platform":"mac-10.10 (Yosemite)-64bit","javascriptEnabled":true,"takesScreenshot":true,"handlesAlerts":false,"databaseEnabled":false,"locationContextEnabled":false,"applicationCacheEnabled":false,"browserConnectionEnabled":false,"cssSelectorsEnabled":true,"webStorageEnabled":false,"rotatable":false,"acceptSslCerts":false,"nativeEvents":true,"proxy":{"proxyType":"direct"}}
[INFO  - 2015-02-28T03:56:02.038Z] SessionManagerReqHand - _postNewSessionCommand - New Session Created: b62ca520-befd-11e4-8ad4-c393d9cb168f
[INFO  - 2015-02-28T03:56:24.023Z] GhostDriver - Main - running on port 46231
[INFO  - 2015-02-28T03:56:24.577Z] Session [c39babc0-befd-11e4-bd5a-3bb91b9ece72] - page.settings - {"XSSAuditingEnabled":false,"javascriptCanCloseWindows":true,"javascriptCanOpenWindows":true,"javascriptEnabled":true,"loadImages":true,"localToRemoteUrlAccessEnabled":false,"userAgent":"Mozilla/5.0 (Macintosh; PPC Mac OS X) AppleWebKit/534.34 (KHTML, like Gecko) PhantomJS/1.9.8 Safari/534.34","webSecurityEnabled":true}
[INFO  - 2015-02-28T03:56:24.577Z] Session [c39babc0-befd-11e4-bd5a-3bb91b9ece72] - page.customHeaders:  - {}
[INFO  - 2015-02-28T03:56:24.577Z] Session [c39babc0-befd-11e4-bd5a-3bb91b9ece72] - Session.negotiatedCapabilities - {"browserName":"phantomjs","version":"1.9.8","driverName":"ghostdriver","driverVersion":"1.1.0","platform":"mac-10.10 (Yosemite)-64bit","javascriptEnabled":true,"takesScreenshot":true,"handlesAlerts":false,"databaseEnabled":false,"locationContextEnabled":false,"applicationCacheEnabled":false,"browserConnectionEnabled":false,"cssSelectorsEnabled":true,"webStorageEnabled":false,"rotatable":false,"acceptSslCerts":false,"nativeEvents":true,"proxy":{"proxyType":"direct"}}
[INFO  - 2015-02-28T03:56:24.577Z] SessionManagerReqHand - _postNewSessionCommand - New Session Created: c39babc0-befd-11e4-bd5a-3bb91b9ece72
[INFO  - 2015-02-28T03:58:27.626Z] SessionManagerReqHand - _cleanupWindowlessSessions - Asynchronous Sessions clean-up phase starting NOW
[INFO  - 2015-02-28T03:58:29.786Z] SessionManagerReqHand - _cleanupWindowlessSessions - Asynchronous Sessions clean-up phase starting NOW
[INFO  - 2015-02-28T03:58:49.245Z] SessionManagerReqHand - _cleanupWindowlessSessions - Asynchronous Sessions clean-up phase starting NOW
[INFO  - 2015-02-28T03:58:51.301Z] SessionManagerReqHand - _cleanupWindowlessSessions - Asynchronous Sessions clean-up phase starting NOW
[INFO  - 2015-02-28T03:59:49.024Z] SessionManagerReqHand - _cleanupWindowlessSessions - Asynchronous Sessions clean-up phase starting NOW
[INFO  - 2015-02-28T04:00:14.987Z] SessionManagerReqHand - _cleanupWindowlessSessions - Asynchronous Sessions clean-up phase starting NOW
[INFO  - 2015-02-28T04:00:17.975Z] SessionManagerReqHand - _cleanupWindowlessSessions - Asynchronous Sessions clean-up phase starting NOW
[INFO  - 2015-02-28T04:00:41.275Z] SessionManagerReqHand - _cleanupWindowlessSessions - Asynchronous Sessions clean-up phase starting NOW
[INFO  - 2015-02-28T04:01:01.466Z] SessionManagerReqHand - _cleanupWindowlessSessions - Asynchronous Sessions clean-up phase starting NOW
[INFO  - 2015-02-28T04:01:24.026Z] SessionManagerReqHand - _cleanupWindowlessSessions - Asynchronous Sessions clean-up phase starting NOW
[INFO  - 2015-02-28T04:03:27.626Z] SessionManagerReqHand - _cleanupWindowlessSessions - Asynchronous Sessions clean-up phase starting NOW
[INFO  - 2015-02-28T04:03:29.788Z] SessionManagerReqHand - _cleanupWindowlessSessions - Asynchronous Sessions clean-up phase starting NOW
[INFO  - 2015-02-28T04:03:49.248Z] SessionManagerReqHand - _cleanupWindowlessSessions - Asynchronous Sessions clean-up phase starting NOW
[INFO  - 2015-02-28T04:03:51.304Z] SessionManagerReqHand - _cleanupWindowlessSessions - Asynchronous Sessions clean-up phase starting NOW
[INFO  - 2015-02-28T04:04:49.024Z] SessionManagerReqHand - _cleanupWindowlessSessions - Asynchronous Sessions clean-up phase starting NOW
[INFO  - 2015-02-28T04:05:14.987Z] SessionManagerReqHand - _cleanupWindowlessSessions - Asynchronous Sessions clean-up phase starting NOW
[INFO  - 2015-02-28T04:05:17.978Z] SessionManagerReqHand - _cleanupWindowlessSessions - Asynchronous Sessions clean-up phase starting NOW
[INFO  - 2015-02-28T04:05:41.276Z] SessionManagerReqHand - _cleanupWindowlessSessions - Asynchronous Sessions clean-up phase starting NOW
[INFO  - 2015-02-28T04:06:01.470Z] SessionManagerReqHand - _cleanupWindowlessSessions - Asynchronous Sessions clean-up phase starting NOW
[INFO  - 2015-02-28T04:06:24.026Z] SessionManagerReqHand - _cleanupWindowlessSessions - Asynchronous Sessions clean-up phase starting NOW
[INFO  - 2015-02-28T04:08:27.630Z] SessionManagerReqHand - _cleanupWindowlessSessions - Asynchronous Sessions clean-up phase starting NOW
[INFO  - 2015-02-28T04:08:29.788Z] SessionManagerReqHand - _cleanupWindowlessSessions - Asynchronous Sessions clean-up phase starting NOW
[INFO  - 2015-02-28T04:08:49.248Z] SessionManagerReqHand - _cleanupWindowlessSessions - Asynchronous Sessions clean-up phase starting NOW
[INFO  - 2015-02-28T04:08:51.305Z] SessionManagerReqHand - _cleanupWindowlessSessions - Asynchronous Sessions clean-up phase starting NOW
[INFO  - 2015-02-28T04:09:33.336Z] GhostDriver - Main - running on port 18746
[INFO  - 2015-02-28T04:09:34.171Z] Session [9a3e4e70-beff-11e4-b8d9-ddddd9360c52] - page.settings - {"XSSAuditingEnabled":false,"javascriptCanCloseWindows":true,"javascriptCanOpenWindows":true,"javascriptEnabled":true,"loadImages":true,"localToRemoteUrlAccessEnabled":false,"userAgent":"Mozilla/5.0 (Macintosh; PPC Mac OS X) AppleWebKit/534.34 (KHTML, like Gecko) PhantomJS/1.9.8 Safari/534.34","webSecurityEnabled":true}
[INFO  - 2015-02-28T04:09:34.171Z] Session [9a3e4e70-beff-11e4-b8d9-ddddd9360c52] - page.customHeaders:  - {}
[INFO  - 2015-02-28T04:09:34.171Z] Session [9a3e4e70-beff-11e4-b8d9-ddddd9360c52] - Session.negotiatedCapabilities - {"browserName":"phantomjs","version":"1.9.8","driverName":"ghostdriver","driverVersion":"1.1.0","platform":"mac-10.10 (Yosemite)-64bit","javascriptEnabled":true,"takesScreenshot":true,"handlesAlerts":false,"databaseEnabled":false,"locationContextEnabled":false,"applicationCacheEnabled":false,"browserConnectionEnabled":false,"cssSelectorsEnabled":true,"webStorageEnabled":false,"rotatable":false,"acceptSslCerts":false,"nativeEvents":true,"proxy":{"proxyType":"direct"}}
[INFO  - 2015-02-28T04:09:34.171Z] SessionManagerReqHand - _postNewSessionCommand - New Session Created: 9a3e4e70-beff-11e4-b8d9-ddddd9360c52
[INFO  - 2015-02-28T04:09:49.029Z] SessionManagerReqHand - _cleanupWindowlessSessions - Asynchronous Sessions clean-up phase starting NOW
[INFO  - 2015-02-28T04:10:14.991Z] SessionManagerReqHand - _cleanupWindowlessSessions - Asynchronous Sessions clean-up phase starting NOW
[INFO  - 2015-02-28T04:10:17.981Z] SessionManagerReqHand - _cleanupWindowlessSessions - Asynchronous Sessions clean-up phase starting NOW
[INFO  - 2015-02-28T04:10:39.479Z] GhostDriver - Main - running on port 32085
[INFO  - 2015-02-28T04:10:39.667Z] Session [c1480ce0-beff-11e4-8be9-95d765fa942f] - page.settings - {"XSSAuditingEnabled":false,"javascriptCanCloseWindows":true,"javascriptCanOpenWindows":true,"javascriptEnabled":true,"loadImages":true,"localToRemoteUrlAccessEnabled":false,"userAgent":"Mozilla/5.0 (Macintosh; PPC Mac OS X) AppleWebKit/534.34 (KHTML, like Gecko) PhantomJS/1.9.8 Safari/534.34","webSecurityEnabled":true}
[INFO  - 2015-02-28T04:10:39.667Z] Session [c1480ce0-beff-11e4-8be9-95d765fa942f] - page.customHeaders:  - {}
[INFO  - 2015-02-28T04:10:39.667Z] Session [c1480ce0-beff-11e4-8be9-95d765fa942f] - Session.negotiatedCapabilities - {"browserName":"phantomjs","version":"1.9.8","driverName":"ghostdriver","driverVersion":"1.1.0","platform":"mac-10.10 (Yosemite)-64bit","javascriptEnabled":true,"takesScreenshot":true,"handlesAlerts":false,"databaseEnabled":false,"locationContextEnabled":false,"applicationCacheEnabled":false,"browserConnectionEnabled":false,"cssSelectorsEnabled":true,"webStorageEnabled":false,"rotatable":false,"acceptSslCerts":false,"nativeEvents":true,"proxy":{"proxyType":"direct"}}
[INFO  - 2015-02-28T04:10:39.667Z] SessionManagerReqHand - _postNewSessionCommand - New Session Created: c1480ce0-beff-11e4-8be9-95d765fa942f
[INFO  - 2015-02-28T04:10:41.276Z] SessionManagerReqHand - _cleanupWindowlessSessions - Asynchronous Sessions clean-up phase starting NOW
[INFO  - 2015-02-28T04:11:01.474Z] SessionManagerReqHand - _cleanupWindowlessSessions - Asynchronous Sessions clean-up phase starting NOW
[INFO  - 2015-02-28T04:11:24.026Z] SessionManagerReqHand - _cleanupWindowlessSessions - Asynchronous Sessions clean-up phase starting NOW
[INFO  - 2015-02-28T04:13:27.630Z] SessionManagerReqHand - _cleanupWindowlessSessions - Asynchronous Sessions clean-up phase starting NOW
[INFO  - 2015-02-28T04:13:29.793Z] SessionManagerReqHand - _cleanupWindowlessSessions - Asynchronous Sessions clean-up phase starting NOW
[INFO  - 2015-02-28T04:13:49.252Z] SessionManagerReqHand - _cleanupWindowlessSessions - Asynchronous Sessions clean-up phase starting NOW
[INFO  - 2015-02-28T04:13:51.309Z] SessionManagerReqHand - _cleanupWindowlessSessions - Asynchronous Sessions clean-up phase starting NOW
[INFO  - 2015-02-28T04:14:33.341Z] SessionManagerReqHand - _cleanupWindowlessSessions - Asynchronous Sessions clean-up phase starting NOW
[INFO  - 2015-02-28T04:14:49.033Z] SessionManagerReqHand - _cleanupWindowlessSessions - Asynchronous Sessions clean-up phase starting NOW
[INFO  - 2015-02-28T04:15:03.130Z] GhostDriver - Main - running on port 14738
[INFO  - 2015-02-28T04:15:03.909Z] Session [5ec85510-bf00-11e4-b4fc-5f54bead142d] - page.settings - {"XSSAuditingEnabled":false,"javascriptCanCloseWindows":true,"javascriptCanOpenWindows":true,"javascriptEnabled":true,"loadImages":true,"localToRemoteUrlAccessEnabled":false,"userAgent":"Mozilla/5.0 (Macintosh; PPC Mac OS X) AppleWebKit/534.34 (KHTML, like Gecko) PhantomJS/1.9.8 Safari/534.34","webSecurityEnabled":true}
[INFO  - 2015-02-28T04:15:03.909Z] Session [5ec85510-bf00-11e4-b4fc-5f54bead142d] - page.customHeaders:  - {}
[INFO  - 2015-02-28T04:15:03.909Z] Session [5ec85510-bf00-11e4-b4fc-5f54bead142d] - Session.negotiatedCapabilities - {"browserName":"phantomjs","version":"1.9.8","driverName":"ghostdriver","driverVersion":"1.1.0","platform":"mac-10.10 (Yosemite)-64bit","javascriptEnabled":true,"takesScreenshot":true,"handlesAlerts":false,"databaseEnabled":false,"locationContextEnabled":false,"applicationCacheEnabled":false,"browserConnectionEnabled":false,"cssSelectorsEnabled":true,"webStorageEnabled":false,"rotatable":false,"acceptSslCerts":false,"nativeEvents":true,"proxy":{"proxyType":"direct"}}
[INFO  - 2015-02-28T04:15:03.909Z] SessionManagerReqHand - _postNewSessionCommand - New Session Created: 5ec85510-bf00-11e4-b4fc-5f54bead142d
[INFO  - 2015-02-28T04:15:14.993Z] SessionManagerReqHand - _cleanupWindowlessSessions - Asynchronous Sessions clean-up phase starting NOW
[INFO  - 2015-02-28T04:15:17.985Z] SessionManagerReqHand - _cleanupWindowlessSessions - Asynchronous Sessions clean-up phase starting NOW
[INFO  - 2015-02-28T04:15:39.479Z] SessionManagerReqHand - _cleanupWindowlessSessions - Asynchronous Sessions clean-up phase starting NOW
[ERROR - 2015-02-28T04:15:40.406Z] RouterReqHand - _handle.error - {"message":"{\"errorMessage\":\"Unable to switch to frame\",\"request\":{\"headers\":{\"Accept-Encoding\":\"gzip,deflate\",\"Connection\":\"Keep-Alive\",\"Content-Length\":\"14\",\"Content-Type\":\"application/json; charset=utf-8\",\"Host\":\"localhost:14738\",\"User-Agent\":\"Apache-HttpClient/4.3.4 (java 1.5)\"},\"httpVersion\":\"1.1\",\"method\":\"POST\",\"post\":\"{\\\"id\\\":\\\"marco\\\"}\",\"url\":\"/frame\",\"urlParsed\":{\"anchor\":\"\",\"query\":\"\",\"file\":\"frame\",\"directory\":\"/\",\"path\":\"/frame\",\"relative\":\"/frame\",\"port\":\"\",\"host\":\"\",\"password\":\"\",\"user\":\"\",\"userInfo\":\"\",\"authority\":\"\",\"protocol\":\"\",\"source\":\"/frame\",\"queryKey\":{},\"chunks\":[\"frame\"]},\"urlOriginal\":\"/session/5ec85510-bf00-11e4-b4fc-5f54bead142d/frame\"}}","name":"NoSuchFrame","errorStatusCode":8,"errorSessionId":"5ec85510-bf00-11e4-b4fc-5f54bead142d","errorClassName":"SessionReqHand","errorScreenshot":"","line":649,"sourceId":4482147328,"sourceURL":":/ghostdriver/request_handlers/session_request_handler.js","stack":"NoSuchFrame: {\"errorMessage\":\"Unable to switch to frame\",\"request\":{\"headers\":{\"Accept-Encoding\":\"gzip,deflate\",\"Connection\":\"Keep-Alive\",\"Content-Length\":\"14\",\"Content-Type\":\"application/json; charset=utf-8\",\"Host\":\"localhost:14738\",\"User-Agent\":\"Apache-HttpClient/4.3.4 (java 1.5)\"},\"httpVersion\":\"1.1\",\"method\":\"POST\",\"post\":\"{\\\"id\\\":\\\"marco\\\"}\",\"url\":\"/frame\",\"urlParsed\":{\"anchor\":\"\",\"query\":\"\",\"file\":\"frame\",\"directory\":\"/\",\"path\":\"/frame\",\"relative\":\"/frame\",\"port\":\"\",\"host\":\"\",\"password\":\"\",\"user\":\"\",\"userInfo\":\"\",\"authority\":\"\",\"protocol\":\"\",\"source\":\"/frame\",\"queryKey\":{},\"chunks\":[\"frame\"]},\"urlOriginal\":\"/session/5ec85510-bf00-11e4-b4fc-5f54bead142d/frame\"}}\n    at :/ghostdriver/request_handlers/session_request_handler.js:649\n    at :/ghostdriver/request_handlers/session_request_handler.js:156\n    at :/ghostdriver/request_handlers/request_handler.js:61\n    at :/ghostdriver/request_handlers/router_request_handler.js:78","stackArray":[{"sourceURL":":/ghostdriver/request_handlers/session_request_handler.js","line":649},{"sourceURL":":/ghostdriver/request_handlers/session_request_handler.js","line":156},{"sourceURL":":/ghostdriver/request_handlers/request_handler.js","line":61},{"sourceURL":":/ghostdriver/request_handlers/router_request_handler.js","line":78}]}
[INFO  - 2015-02-28T04:15:41.280Z] SessionManagerReqHand - _cleanupWindowlessSessions - Asynchronous Sessions clean-up phase starting NOW
[INFO  - 2015-02-28T04:16:01.475Z] SessionManagerReqHand - _cleanupWindowlessSessions - Asynchronous Sessions clean-up phase starting NOW
[INFO  - 2015-02-28T04:16:24.026Z] SessionManagerReqHand - _cleanupWindowlessSessions - Asynchronous Sessions clean-up phase starting NOW
[INFO  - 2015-02-28T04:18:00.306Z] GhostDriver - Main - running on port 38219
[INFO  - 2015-02-28T04:18:01.002Z] Session [c8564640-bf00-11e4-974a-ad66f7159b6a] - page.settings - {"XSSAuditingEnabled":false,"javascriptCanCloseWindows":true,"javascriptCanOpenWindows":true,"javascriptEnabled":true,"loadImages":true,"localToRemoteUrlAccessEnabled":false,"userAgent":"Mozilla/5.0 (Macintosh; PPC Mac OS X) AppleWebKit/534.34 (KHTML, like Gecko) PhantomJS/1.9.8 Safari/534.34","webSecurityEnabled":true}
[INFO  - 2015-02-28T04:18:01.002Z] Session [c8564640-bf00-11e4-974a-ad66f7159b6a] - page.customHeaders:  - {}
[INFO  - 2015-02-28T04:18:01.002Z] Session [c8564640-bf00-11e4-974a-ad66f7159b6a] - Session.negotiatedCapabilities - {"browserName":"phantomjs","version":"1.9.8","driverName":"ghostdriver","driverVersion":"1.1.0","platform":"mac-10.10 (Yosemite)-64bit","javascriptEnabled":true,"takesScreenshot":true,"handlesAlerts":false,"databaseEnabled":false,"locationContextEnabled":false,"applicationCacheEnabled":false,"browserConnectionEnabled":false,"cssSelectorsEnabled":true,"webStorageEnabled":false,"rotatable":false,"acceptSslCerts":false,"nativeEvents":true,"proxy":{"proxyType":"direct"}}
[INFO  - 2015-02-28T04:18:01.002Z] SessionManagerReqHand - _postNewSessionCommand - New Session Created: c8564640-bf00-11e4-974a-ad66f7159b6a
[ERROR - 2015-02-28T04:18:21.467Z] RouterReqHand - _handle.error - {"message":"{\"errorMessage\":\"Unable to switch to frame\",\"request\":{\"headers\":{\"Accept-Encoding\":\"gzip,deflate\",\"Connection\":\"Keep-Alive\",\"Content-Length\":\"14\",\"Content-Type\":\"application/json; charset=utf-8\",\"Host\":\"localhost:38219\",\"User-Agent\":\"Apache-HttpClient/4.3.4 (java 1.5)\"},\"httpVersion\":\"1.1\",\"method\":\"POST\",\"post\":\"{\\\"id\\\":\\\"marco\\\"}\",\"url\":\"/frame\",\"urlParsed\":{\"anchor\":\"\",\"query\":\"\",\"file\":\"frame\",\"directory\":\"/\",\"path\":\"/frame\",\"relative\":\"/frame\",\"port\":\"\",\"host\":\"\",\"password\":\"\",\"user\":\"\",\"userInfo\":\"\",\"authority\":\"\",\"protocol\":\"\",\"source\":\"/frame\",\"queryKey\":{},\"chunks\":[\"frame\"]},\"urlOriginal\":\"/session/c8564640-bf00-11e4-974a-ad66f7159b6a/frame\"}}","name":"NoSuchFrame","errorStatusCode":8,"errorSessionId":"c8564640-bf00-11e4-974a-ad66f7159b6a","errorClassName":"SessionReqHand","errorScreenshot":"","line":649,"sourceId":4482163712,"sourceURL":":/ghostdriver/request_handlers/session_request_handler.js","stack":"NoSuchFrame: {\"errorMessage\":\"Unable to switch to frame\",\"request\":{\"headers\":{\"Accept-Encoding\":\"gzip,deflate\",\"Connection\":\"Keep-Alive\",\"Content-Length\":\"14\",\"Content-Type\":\"application/json; charset=utf-8\",\"Host\":\"localhost:38219\",\"User-Agent\":\"Apache-HttpClient/4.3.4 (java 1.5)\"},\"httpVersion\":\"1.1\",\"method\":\"POST\",\"post\":\"{\\\"id\\\":\\\"marco\\\"}\",\"url\":\"/frame\",\"urlParsed\":{\"anchor\":\"\",\"query\":\"\",\"file\":\"frame\",\"directory\":\"/\",\"path\":\"/frame\",\"relative\":\"/frame\",\"port\":\"\",\"host\":\"\",\"password\":\"\",\"user\":\"\",\"userInfo\":\"\",\"authority\":\"\",\"protocol\":\"\",\"source\":\"/frame\",\"queryKey\":{},\"chunks\":[\"frame\"]},\"urlOriginal\":\"/session/c8564640-bf00-11e4-974a-ad66f7159b6a/frame\"}}\n    at :/ghostdriver/request_handlers/session_request_handler.js:649\n    at :/ghostdriver/request_handlers/session_request_handler.js:156\n    at :/ghostdriver/request_handlers/request_handler.js:61\n    at :/ghostdriver/request_handlers/router_request_handler.js:78","stackArray":[{"sourceURL":":/ghostdriver/request_handlers/session_request_handler.js","line":649},{"sourceURL":":/ghostdriver/request_handlers/session_request_handler.js","line":156},{"sourceURL":":/ghostdriver/request_handlers/request_handler.js","line":61},{"sourceURL":":/ghostdriver/request_handlers/router_request_handler.js","line":78}]}
[INFO  - 2015-02-28T04:18:27.634Z] SessionManagerReqHand - _cleanupWindowlessSessions - Asynchronous Sessions clean-up phase starting NOW
[INFO  - 2015-02-28T04:18:29.797Z] SessionManagerReqHand - _cleanupWindowlessSessions - Asynchronous Sessions clean-up phase starting NOW
[INFO  - 2015-02-28T04:18:36.550Z] GhostDriver - Main - running on port 48496
[INFO  - 2015-02-28T04:18:36.865Z] Session [ddb6afc0-bf00-11e4-a3b6-77e49f7cbe90] - page.settings - {"XSSAuditingEnabled":false,"javascriptCanCloseWindows":true,"javascriptCanOpenWindows":true,"javascriptEnabled":true,"loadImages":true,"localToRemoteUrlAccessEnabled":false,"userAgent":"Mozilla/5.0 (Macintosh; PPC Mac OS X) AppleWebKit/534.34 (KHTML, like Gecko) PhantomJS/1.9.8 Safari/534.34","webSecurityEnabled":true}
[INFO  - 2015-02-28T04:18:36.865Z] Session [ddb6afc0-bf00-11e4-a3b6-77e49f7cbe90] - page.customHeaders:  - {}
[INFO  - 2015-02-28T04:18:36.865Z] Session [ddb6afc0-bf00-11e4-a3b6-77e49f7cbe90] - Session.negotiatedCapabilities - {"browserName":"phantomjs","version":"1.9.8","driverName":"ghostdriver","driverVersion":"1.1.0","platform":"mac-10.10 (Yosemite)-64bit","javascriptEnabled":true,"takesScreenshot":true,"handlesAlerts":false,"databaseEnabled":false,"locationContextEnabled":false,"applicationCacheEnabled":false,"browserConnectionEnabled":false,"cssSelectorsEnabled":true,"webStorageEnabled":false,"rotatable":false,"acceptSslCerts":false,"nativeEvents":true,"proxy":{"proxyType":"direct"}}
[INFO  - 2015-02-28T04:18:36.865Z] SessionManagerReqHand - _postNewSessionCommand - New Session Created: ddb6afc0-bf00-11e4-a3b6-77e49f7cbe90
[INFO  - 2015-02-28T04:18:49.256Z] SessionManagerReqHand - _cleanupWindowlessSessions - Asynchronous Sessions clean-up phase starting NOW
[INFO  - 2015-02-28T04:18:51.314Z] SessionManagerReqHand - _cleanupWindowlessSessions - Asynchronous Sessions clean-up phase starting NOW
[ERROR - 2015-02-28T04:19:06.236Z] RouterReqHand - _handle.error - {"message":"{\"errorMessage\":\"Unable to switch to frame\",\"request\":{\"headers\":{\"Accept-Encoding\":\"gzip,deflate\",\"Connection\":\"Keep-Alive\",\"Content-Length\":\"14\",\"Content-Type\":\"application/json; charset=utf-8\",\"Host\":\"localhost:48496\",\"User-Agent\":\"Apache-HttpClient/4.3.4 (java 1.5)\"},\"httpVersion\":\"1.1\",\"method\":\"POST\",\"post\":\"{\\\"id\\\":\\\"marco\\\"}\",\"url\":\"/frame\",\"urlParsed\":{\"anchor\":\"\",\"query\":\"\",\"file\":\"frame\",\"directory\":\"/\",\"path\":\"/frame\",\"relative\":\"/frame\",\"port\":\"\",\"host\":\"\",\"password\":\"\",\"user\":\"\",\"userInfo\":\"\",\"authority\":\"\",\"protocol\":\"\",\"source\":\"/frame\",\"queryKey\":{},\"chunks\":[\"frame\"]},\"urlOriginal\":\"/session/ddb6afc0-bf00-11e4-a3b6-77e49f7cbe90/frame\"}}","name":"NoSuchFrame","errorStatusCode":8,"errorSessionId":"ddb6afc0-bf00-11e4-a3b6-77e49f7cbe90","errorClassName":"SessionReqHand","errorScreenshot":"","line":649,"sourceId":4481606656,"sourceURL":":/ghostdriver/request_handlers/session_request_handler.js","stack":"NoSuchFrame: {\"errorMessage\":\"Unable to switch to frame\",\"request\":{\"headers\":{\"Accept-Encoding\":\"gzip,deflate\",\"Connection\":\"Keep-Alive\",\"Content-Length\":\"14\",\"Content-Type\":\"application/json; charset=utf-8\",\"Host\":\"localhost:48496\",\"User-Agent\":\"Apache-HttpClient/4.3.4 (java 1.5)\"},\"httpVersion\":\"1.1\",\"method\":\"POST\",\"post\":\"{\\\"id\\\":\\\"marco\\\"}\",\"url\":\"/frame\",\"urlParsed\":{\"anchor\":\"\",\"query\":\"\",\"file\":\"frame\",\"directory\":\"/\",\"path\":\"/frame\",\"relative\":\"/frame\",\"port\":\"\",\"host\":\"\",\"password\":\"\",\"user\":\"\",\"userInfo\":\"\",\"authority\":\"\",\"protocol\":\"\",\"source\":\"/frame\",\"queryKey\":{},\"chunks\":[\"frame\"]},\"urlOriginal\":\"/session/ddb6afc0-bf00-11e4-a3b6-77e49f7cbe90/frame\"}}\n    at :/ghostdriver/request_handlers/session_request_handler.js:649\n    at :/ghostdriver/request_handlers/session_request_handler.js:156\n    at :/ghostdriver/request_handlers/request_handler.js:61\n    at :/ghostdriver/request_handlers/router_request_handler.js:78","stackArray":[{"sourceURL":":/ghostdriver/request_handlers/session_request_handler.js","line":649},{"sourceURL":":/ghostdriver/request_handlers/session_request_handler.js","line":156},{"sourceURL":":/ghostdriver/request_handlers/request_handler.js","line":61},{"sourceURL":":/ghostdriver/request_handlers/router_request_handler.js","line":78}]}
[ERROR - 2015-02-28T04:19:13.050Z] RouterReqHand - _handle.error - {"message":"{\"errorMessage\":\"Unable to switch to frame\",\"request\":{\"headers\":{\"Accept-Encoding\":\"gzip,deflate\",\"Connection\":\"Keep-Alive\",\"Content-Length\":\"14\",\"Content-Type\":\"application/json; charset=utf-8\",\"Host\":\"localhost:48496\",\"User-Agent\":\"Apache-HttpClient/4.3.4 (java 1.5)\"},\"httpVersion\":\"1.1\",\"method\":\"POST\",\"post\":\"{\\\"id\\\":\\\"marco\\\"}\",\"url\":\"/frame\",\"urlParsed\":{\"anchor\":\"\",\"query\":\"\",\"file\":\"frame\",\"directory\":\"/\",\"path\":\"/frame\",\"relative\":\"/frame\",\"port\":\"\",\"host\":\"\",\"password\":\"\",\"user\":\"\",\"userInfo\":\"\",\"authority\":\"\",\"protocol\":\"\",\"source\":\"/frame\",\"queryKey\":{},\"chunks\":[\"frame\"]},\"urlOriginal\":\"/session/ddb6afc0-bf00-11e4-a3b6-77e49f7cbe90/frame\"}}","name":"NoSuchFrame","errorStatusCode":8,"errorSessionId":"ddb6afc0-bf00-11e4-a3b6-77e49f7cbe90","errorClassName":"SessionReqHand","errorScreenshot":"","line":649,"sourceId":4481606656,"sourceURL":":/ghostdriver/request_handlers/session_request_handler.js","stack":"NoSuchFrame: {\"errorMessage\":\"Unable to switch to frame\",\"request\":{\"headers\":{\"Accept-Encoding\":\"gzip,deflate\",\"Connection\":\"Keep-Alive\",\"Content-Length\":\"14\",\"Content-Type\":\"application/json; charset=utf-8\",\"Host\":\"localhost:48496\",\"User-Agent\":\"Apache-HttpClient/4.3.4 (java 1.5)\"},\"httpVersion\":\"1.1\",\"method\":\"POST\",\"post\":\"{\\\"id\\\":\\\"marco\\\"}\",\"url\":\"/frame\",\"urlParsed\":{\"anchor\":\"\",\"query\":\"\",\"file\":\"frame\",\"directory\":\"/\",\"path\":\"/frame\",\"relative\":\"/frame\",\"port\":\"\",\"host\":\"\",\"password\":\"\",\"user\":\"\",\"userInfo\":\"\",\"authority\":\"\",\"protocol\":\"\",\"source\":\"/frame\",\"queryKey\":{},\"chunks\":[\"frame\"]},\"urlOriginal\":\"/session/ddb6afc0-bf00-11e4-a3b6-77e49f7cbe90/frame\"}}\n    at :/ghostdriver/request_handlers/session_request_handler.js:649\n    at :/ghostdriver/request_handlers/session_request_handler.js:156\n    at :/ghostdriver/request_handlers/request_handler.js:61\n    at :/ghostdriver/request_handlers/router_request_handler.js:78","stackArray":[{"sourceURL":":/ghostdriver/request_handlers/session_request_handler.js","line":649},{"sourceURL":":/ghostdriver/request_handlers/session_request_handler.js","line":156},{"sourceURL":":/ghostdriver/request_handlers/request_handler.js","line":61},{"sourceURL":":/ghostdriver/request_handlers/router_request_handler.js","line":78}]}
[ERROR - 2015-02-28T04:19:31.680Z] RouterReqHand - _handle.error - {"message":"{\"errorMessage\":\"Unable to switch to frame\",\"request\":{\"headers\":{\"Accept-Encoding\":\"gzip,deflate\",\"Connection\":\"Keep-Alive\",\"Content-Length\":\"14\",\"Content-Type\":\"application/json; charset=utf-8\",\"Host\":\"localhost:48496\",\"User-Agent\":\"Apache-HttpClient/4.3.4 (java 1.5)\"},\"httpVersion\":\"1.1\",\"method\":\"POST\",\"post\":\"{\\\"id\\\":\\\"marco\\\"}\",\"url\":\"/frame\",\"urlParsed\":{\"anchor\":\"\",\"query\":\"\",\"file\":\"frame\",\"directory\":\"/\",\"path\":\"/frame\",\"relative\":\"/frame\",\"port\":\"\",\"host\":\"\",\"password\":\"\",\"user\":\"\",\"userInfo\":\"\",\"authority\":\"\",\"protocol\":\"\",\"source\":\"/frame\",\"queryKey\":{},\"chunks\":[\"frame\"]},\"urlOriginal\":\"/session/ddb6afc0-bf00-11e4-a3b6-77e49f7cbe90/frame\"}}","name":"NoSuchFrame","errorStatusCode":8,"errorSessionId":"ddb6afc0-bf00-11e4-a3b6-77e49f7cbe90","errorClassName":"SessionReqHand","errorScreenshot":"","line":649,"sourceId":4481606656,"sourceURL":":/ghostdriver/request_handlers/session_request_handler.js","stack":"NoSuchFrame: {\"errorMessage\":\"Unable to switch to frame\",\"request\":{\"headers\":{\"Accept-Encoding\":\"gzip,deflate\",\"Connection\":\"Keep-Alive\",\"Content-Length\":\"14\",\"Content-Type\":\"application/json; charset=utf-8\",\"Host\":\"localhost:48496\",\"User-Agent\":\"Apache-HttpClient/4.3.4 (java 1.5)\"},\"httpVersion\":\"1.1\",\"method\":\"POST\",\"post\":\"{\\\"id\\\":\\\"marco\\\"}\",\"url\":\"/frame\",\"urlParsed\":{\"anchor\":\"\",\"query\":\"\",\"file\":\"frame\",\"directory\":\"/\",\"path\":\"/frame\",\"relative\":\"/frame\",\"port\":\"\",\"host\":\"\",\"password\":\"\",\"user\":\"\",\"userInfo\":\"\",\"authority\":\"\",\"protocol\":\"\",\"source\":\"/frame\",\"queryKey\":{},\"chunks\":[\"frame\"]},\"urlOriginal\":\"/session/ddb6afc0-bf00-11e4-a3b6-77e49f7cbe90/frame\"}}\n    at :/ghostdriver/request_handlers/session_request_handler.js:649\n    at :/ghostdriver/request_handlers/session_request_handler.js:156\n    at :/ghostdriver/request_handlers/request_handler.js:61\n    at :/ghostdriver/request_handlers/router_request_handler.js:78","stackArray":[{"sourceURL":":/ghostdriver/request_handlers/session_request_handler.js","line":649},{"sourceURL":":/ghostdriver/request_handlers/session_request_handler.js","line":156},{"sourceURL":":/ghostdriver/request_handlers/request_handler.js","line":61},{"sourceURL":":/ghostdriver/request_handlers/router_request_handler.js","line":78}]}
[INFO  - 2015-02-28T04:19:33.340Z] SessionManagerReqHand - _cleanupWindowlessSessions - Asynchronous Sessions clean-up phase starting NOW
[ERROR - 2015-02-28T04:19:38.156Z] RouterReqHand - _handle.error - {"message":"{\"errorMessage\":\"Unable to switch to frame\",\"request\":{\"headers\":{\"Accept-Encoding\":\"gzip,deflate\",\"Connection\":\"Keep-Alive\",\"Content-Length\":\"14\",\"Content-Type\":\"application/json; charset=utf-8\",\"Host\":\"localhost:48496\",\"User-Agent\":\"Apache-HttpClient/4.3.4 (java 1.5)\"},\"httpVersion\":\"1.1\",\"method\":\"POST\",\"post\":\"{\\\"id\\\":\\\"marco\\\"}\",\"url\":\"/frame\",\"urlParsed\":{\"anchor\":\"\",\"query\":\"\",\"file\":\"frame\",\"directory\":\"/\",\"path\":\"/frame\",\"relative\":\"/frame\",\"port\":\"\",\"host\":\"\",\"password\":\"\",\"user\":\"\",\"userInfo\":\"\",\"authority\":\"\",\"protocol\":\"\",\"source\":\"/frame\",\"queryKey\":{},\"chunks\":[\"frame\"]},\"urlOriginal\":\"/session/ddb6afc0-bf00-11e4-a3b6-77e49f7cbe90/frame\"}}","name":"NoSuchFrame","errorStatusCode":8,"errorSessionId":"ddb6afc0-bf00-11e4-a3b6-77e49f7cbe90","errorClassName":"SessionReqHand","errorScreenshot":"","line":649,"sourceId":4481606656,"sourceURL":":/ghostdriver/request_handlers/session_request_handler.js","stack":"NoSuchFrame: {\"errorMessage\":\"Unable to switch to frame\",\"request\":{\"headers\":{\"Accept-Encoding\":\"gzip,deflate\",\"Connection\":\"Keep-Alive\",\"Content-Length\":\"14\",\"Content-Type\":\"application/json; charset=utf-8\",\"Host\":\"localhost:48496\",\"User-Agent\":\"Apache-HttpClient/4.3.4 (java 1.5)\"},\"httpVersion\":\"1.1\",\"method\":\"POST\",\"post\":\"{\\\"id\\\":\\\"marco\\\"}\",\"url\":\"/frame\",\"urlParsed\":{\"anchor\":\"\",\"query\":\"\",\"file\":\"frame\",\"directory\":\"/\",\"path\":\"/frame\",\"relative\":\"/frame\",\"port\":\"\",\"host\":\"\",\"password\":\"\",\"user\":\"\",\"userInfo\":\"\",\"authority\":\"\",\"protocol\":\"\",\"source\":\"/frame\",\"queryKey\":{},\"chunks\":[\"frame\"]},\"urlOriginal\":\"/session/ddb6afc0-bf00-11e4-a3b6-77e49f7cbe90/frame\"}}\n    at :/ghostdriver/request_handlers/session_request_handler.js:649\n    at :/ghostdriver/request_handlers/session_request_handler.js:156\n    at :/ghostdriver/request_handlers/request_handler.js:61\n    at :/ghostdriver/request_handlers/router_request_handler.js:78","stackArray":[{"sourceURL":":/ghostdriver/request_handlers/session_request_handler.js","line":649},{"sourceURL":":/ghostdriver/request_handlers/session_request_handler.js","line":156},{"sourceURL":":/ghostdriver/request_handlers/request_handler.js","line":61},{"sourceURL":":/ghostdriver/request_handlers/router_request_handler.js","line":78}]}
[INFO  - 2015-02-28T04:19:49.036Z] SessionManagerReqHand - _cleanupWindowlessSessions - Asynchronous Sessions clean-up phase starting NOW
[ERROR - 2015-02-28T04:19:49.873Z] RouterReqHand - _handle.error - {"message":"{\"errorMessage\":\"Unable to switch to frame\",\"request\":{\"headers\":{\"Accept-Encoding\":\"gzip,deflate\",\"Connection\":\"Keep-Alive\",\"Content-Length\":\"14\",\"Content-Type\":\"application/json; charset=utf-8\",\"Host\":\"localhost:48496\",\"User-Agent\":\"Apache-HttpClient/4.3.4 (java 1.5)\"},\"httpVersion\":\"1.1\",\"method\":\"POST\",\"post\":\"{\\\"id\\\":\\\"marco\\\"}\",\"url\":\"/frame\",\"urlParsed\":{\"anchor\":\"\",\"query\":\"\",\"file\":\"frame\",\"directory\":\"/\",\"path\":\"/frame\",\"relative\":\"/frame\",\"port\":\"\",\"host\":\"\",\"password\":\"\",\"user\":\"\",\"userInfo\":\"\",\"authority\":\"\",\"protocol\":\"\",\"source\":\"/frame\",\"queryKey\":{},\"chunks\":[\"frame\"]},\"urlOriginal\":\"/session/ddb6afc0-bf00-11e4-a3b6-77e49f7cbe90/frame\"}}","name":"NoSuchFrame","errorStatusCode":8,"errorSessionId":"ddb6afc0-bf00-11e4-a3b6-77e49f7cbe90","errorClassName":"SessionReqHand","errorScreenshot":"","line":649,"sourceId":4481606656,"sourceURL":":/ghostdriver/request_handlers/session_request_handler.js","stack":"NoSuchFrame: {\"errorMessage\":\"Unable to switch to frame\",\"request\":{\"headers\":{\"Accept-Encoding\":\"gzip,deflate\",\"Connection\":\"Keep-Alive\",\"Content-Length\":\"14\",\"Content-Type\":\"application/json; charset=utf-8\",\"Host\":\"localhost:48496\",\"User-Agent\":\"Apache-HttpClient/4.3.4 (java 1.5)\"},\"httpVersion\":\"1.1\",\"method\":\"POST\",\"post\":\"{\\\"id\\\":\\\"marco\\\"}\",\"url\":\"/frame\",\"urlParsed\":{\"anchor\":\"\",\"query\":\"\",\"file\":\"frame\",\"directory\":\"/\",\"path\":\"/frame\",\"relative\":\"/frame\",\"port\":\"\",\"host\":\"\",\"password\":\"\",\"user\":\"\",\"userInfo\":\"\",\"authority\":\"\",\"protocol\":\"\",\"source\":\"/frame\",\"queryKey\":{},\"chunks\":[\"frame\"]},\"urlOriginal\":\"/session/ddb6afc0-bf00-11e4-a3b6-77e49f7cbe90/frame\"}}\n    at :/ghostdriver/request_handlers/session_request_handler.js:649\n    at :/ghostdriver/request_handlers/session_request_handler.js:156\n    at :/ghostdriver/request_handlers/request_handler.js:61\n    at :/ghostdriver/request_handlers/router_request_handler.js:78","stackArray":[{"sourceURL":":/ghostdriver/request_handlers/session_request_handler.js","line":649},{"sourceURL":":/ghostdriver/request_handlers/session_request_handler.js","line":156},{"sourceURL":":/ghostdriver/request_handlers/request_handler.js","line":61},{"sourceURL":":/ghostdriver/request_handlers/router_request_handler.js","line":78}]}
[INFO  - 2015-02-28T04:20:03.130Z] SessionManagerReqHand - _cleanupWindowlessSessions - Asynchronous Sessions clean-up phase starting NOW
[INFO  - 2015-02-28T04:20:14.996Z] SessionManagerReqHand - _cleanupWindowlessSessions - Asynchronous Sessions clean-up phase starting NOW
[INFO  - 2015-02-28T04:20:17.986Z] SessionManagerReqHand - _cleanupWindowlessSessions - Asynchronous Sessions clean-up phase starting NOW
[INFO  - 2015-02-28T04:20:39.016Z] GhostDriver - Main - running on port 27276
[INFO  - 2015-02-28T04:20:39.306Z] Session [26b1da60-bf01-11e4-86f5-65ff49d60508] - page.settings - {"XSSAuditingEnabled":false,"javascriptCanCloseWindows":true,"javascriptCanOpenWindows":true,"javascriptEnabled":true,"loadImages":true,"localToRemoteUrlAccessEnabled":false,"userAgent":"Mozilla/5.0 (Macintosh; PPC Mac OS X) AppleWebKit/534.34 (KHTML, like Gecko) PhantomJS/1.9.8 Safari/534.34","webSecurityEnabled":true}
[INFO  - 2015-02-28T04:20:39.306Z] Session [26b1da60-bf01-11e4-86f5-65ff49d60508] - page.customHeaders:  - {}
[INFO  - 2015-02-28T04:20:39.307Z] Session [26b1da60-bf01-11e4-86f5-65ff49d60508] - Session.negotiatedCapabilities - {"browserName":"phantomjs","version":"1.9.8","driverName":"ghostdriver","driverVersion":"1.1.0","platform":"mac-10.10 (Yosemite)-64bit","javascriptEnabled":true,"takesScreenshot":true,"handlesAlerts":false,"databaseEnabled":false,"locationContextEnabled":false,"applicationCacheEnabled":false,"browserConnectionEnabled":false,"cssSelectorsEnabled":true,"webStorageEnabled":false,"rotatable":false,"acceptSslCerts":false,"nativeEvents":true,"proxy":{"proxyType":"direct"}}
[INFO  - 2015-02-28T04:20:39.307Z] SessionManagerReqHand - _postNewSessionCommand - New Session Created: 26b1da60-bf01-11e4-86f5-65ff49d60508
[INFO  - 2015-02-28T04:20:39.483Z] SessionManagerReqHand - _cleanupWindowlessSessions - Asynchronous Sessions clean-up phase starting NOW
[INFO  - 2015-02-28T04:20:41.281Z] SessionManagerReqHand - _cleanupWindowlessSessions - Asynchronous Sessions clean-up phase starting NOW
[INFO  - 2015-02-28T04:21:01.477Z] SessionManagerReqHand - _cleanupWindowlessSessions - Asynchronous Sessions clean-up phase starting NOW
[INFO  - 2015-02-28T04:21:04.661Z] GhostDriver - Main - running on port 37289
[INFO  - 2015-02-28T04:21:04.878Z] Session [35ef8680-bf01-11e4-a820-41743c08e155] - page.settings - {"XSSAuditingEnabled":false,"javascriptCanCloseWindows":true,"javascriptCanOpenWindows":true,"javascriptEnabled":true,"loadImages":true,"localToRemoteUrlAccessEnabled":false,"userAgent":"Mozilla/5.0 (Macintosh; PPC Mac OS X) AppleWebKit/534.34 (KHTML, like Gecko) PhantomJS/1.9.8 Safari/534.34","webSecurityEnabled":true}
[INFO  - 2015-02-28T04:21:04.878Z] Session [35ef8680-bf01-11e4-a820-41743c08e155] - page.customHeaders:  - {}
[INFO  - 2015-02-28T04:21:04.878Z] Session [35ef8680-bf01-11e4-a820-41743c08e155] - Session.negotiatedCapabilities - {"browserName":"phantomjs","version":"1.9.8","driverName":"ghostdriver","driverVersion":"1.1.0","platform":"mac-10.10 (Yosemite)-64bit","javascriptEnabled":true,"takesScreenshot":true,"handlesAlerts":false,"databaseEnabled":false,"locationContextEnabled":false,"applicationCacheEnabled":false,"browserConnectionEnabled":false,"cssSelectorsEnabled":true,"webStorageEnabled":false,"rotatable":false,"acceptSslCerts":false,"nativeEvents":true,"proxy":{"proxyType":"direct"}}
[INFO  - 2015-02-28T04:21:04.878Z] SessionManagerReqHand - _postNewSessionCommand - New Session Created: 35ef8680-bf01-11e4-a820-41743c08e155
[INFO  - 2015-02-28T04:21:24.026Z] SessionManagerReqHand - _cleanupWindowlessSessions - Asynchronous Sessions clean-up phase starting NOW
[INFO  - 2015-02-28T04:21:36.824Z] GhostDriver - Main - running on port 18504
[INFO  - 2015-02-28T04:21:37.337Z] Session [49488740-bf01-11e4-96b4-69d314ed3eff] - page.settings - {"XSSAuditingEnabled":false,"javascriptCanCloseWindows":true,"javascriptCanOpenWindows":true,"javascriptEnabled":true,"loadImages":true,"localToRemoteUrlAccessEnabled":false,"userAgent":"Mozilla/5.0 (Macintosh; PPC Mac OS X) AppleWebKit/534.34 (KHTML, like Gecko) PhantomJS/1.9.8 Safari/534.34","webSecurityEnabled":true}
[INFO  - 2015-02-28T04:21:37.337Z] Session [49488740-bf01-11e4-96b4-69d314ed3eff] - page.customHeaders:  - {}
[INFO  - 2015-02-28T04:21:37.337Z] Session [49488740-bf01-11e4-96b4-69d314ed3eff] - Session.negotiatedCapabilities - {"browserName":"phantomjs","version":"1.9.8","driverName":"ghostdriver","driverVersion":"1.1.0","platform":"mac-10.10 (Yosemite)-64bit","javascriptEnabled":true,"takesScreenshot":true,"handlesAlerts":false,"databaseEnabled":false,"locationContextEnabled":false,"applicationCacheEnabled":false,"browserConnectionEnabled":false,"cssSelectorsEnabled":true,"webStorageEnabled":false,"rotatable":false,"acceptSslCerts":false,"nativeEvents":true,"proxy":{"proxyType":"direct"}}
[INFO  - 2015-02-28T04:21:37.337Z] SessionManagerReqHand - _postNewSessionCommand - New Session Created: 49488740-bf01-11e4-96b4-69d314ed3eff
[ERROR - 2015-02-28T04:22:28.803Z] Session [35ef8680-bf01-11e4-a820-41743c08e155] - page.onError - msg: ReferenceError: Can't find variable: tick
[ERROR - 2015-02-28T04:22:28.840Z] Session [35ef8680-bf01-11e4-a820-41743c08e155] - page.onError - stack:
  (anonymous function) (http://googleads.g.doubleclick.net/pagead/ads?client=ca-pub-3556373221332003&output=html&h=90&slotname=9118521377&adk=905695866&w=200&lmt=1425077547&flash=0&url=http%3A%2F%2Fen.strikermanager.com%2Fbannertop.php&dt=1425097347524&bpp=42&shv=r20150225&cbv=r20150224&saldr=aa&prev_fmts=728x90&correlator=1828360011777&frm=21&ga_vid=993964185.1425097348&ga_sid=1425097348&ga_hid=1511269225&ga_fc=0&u_tz=330&u_his=9&u_java=0&u_h=800&u_w=1280&u_ah=695&u_aw=1280&u_cd=32&u_nplug=0&u_nmime=0&dff=times%20new%20roman&dfs=16&adx=799&ady=3&biw=400&bih=300&isw=1000&ish=98&ifk=3272663140&eid=317150304&oid=3&ref=http%3A%2F%2Fen.strikermanager.com%2Finicio.php&top=http%3A%2F%2Fen.strikermanager.com%2F&rx=0&eae=0&fc=24&brdim=0%2C0%2C0%2C0%2C1280%2C23%2C0%2C0%2C1000%2C98&vis=0&rsz=1%7C1%7Cao%7C&abl=NA&ppjl=u&fu=4&bc=1&ifi=2&xpc=DsNVbYuLWE&p=http%3A//en.strikermanager.com&dtd=61:1)
[ERROR - 2015-02-28T04:22:28.841Z] Session [35ef8680-bf01-11e4-a820-41743c08e155] - page.onError - msg: ReferenceError: Can't find variable: tick
[ERROR - 2015-02-28T04:22:28.841Z] Session [35ef8680-bf01-11e4-a820-41743c08e155] - page.onError - stack:
  onload (http://googleads.g.doubleclick.net/pagead/ads?client=ca-pub-3556373221332003&output=html&h=90&slotname=9118521377&adk=905695866&w=200&lmt=1425077547&flash=0&url=http%3A%2F%2Fen.strikermanager.com%2Fbannertop.php&dt=1425097347524&bpp=42&shv=r20150225&cbv=r20150224&saldr=aa&prev_fmts=728x90&correlator=1828360011777&frm=21&ga_vid=993964185.1425097348&ga_sid=1425097348&ga_hid=1511269225&ga_fc=0&u_tz=330&u_his=9&u_java=0&u_h=800&u_w=1280&u_ah=695&u_aw=1280&u_cd=32&u_nplug=0&u_nmime=0&dff=times%20new%20roman&dfs=16&adx=799&ady=3&biw=400&bih=300&isw=1000&ish=98&ifk=3272663140&eid=317150304&oid=3&ref=http%3A%2F%2Fen.strikermanager.com%2Finicio.php&top=http%3A%2F%2Fen.strikermanager.com%2F&rx=0&eae=0&fc=24&brdim=0%2C0%2C0%2C0%2C1280%2C23%2C0%2C0%2C1000%2C98&vis=0&rsz=1%7C1%7Cao%7C&abl=NA&ppjl=u&fu=4&bc=1&ifi=2&xpc=DsNVbYuLWE&p=http%3A//en.strikermanager.com&dtd=61:1)
[INFO  - 2015-02-28T04:23:00.307Z] SessionManagerReqHand - _cleanupWindowlessSessions - Asynchronous Sessions clean-up phase starting NOW
[INFO  - 2015-02-28T04:23:07.000Z] GhostDriver - Main - running on port 9650
[INFO  - 2015-02-28T04:23:07.244Z] Session [7edf8d90-bf01-11e4-8bce-65907ff40b90] - page.settings - {"XSSAuditingEnabled":false,"javascriptCanCloseWindows":true,"javascriptCanOpenWindows":true,"javascriptEnabled":true,"loadImages":true,"localToRemoteUrlAccessEnabled":false,"userAgent":"Mozilla/5.0 (Macintosh; PPC Mac OS X) AppleWebKit/534.34 (KHTML, like Gecko) PhantomJS/1.9.8 Safari/534.34","webSecurityEnabled":true}
[INFO  - 2015-02-28T04:23:07.245Z] Session [7edf8d90-bf01-11e4-8bce-65907ff40b90] - page.customHeaders:  - {}
[INFO  - 2015-02-28T04:23:07.245Z] Session [7edf8d90-bf01-11e4-8bce-65907ff40b90] - Session.negotiatedCapabilities - {"browserName":"phantomjs","version":"1.9.8","driverName":"ghostdriver","driverVersion":"1.1.0","platform":"mac-10.10 (Yosemite)-64bit","javascriptEnabled":true,"takesScreenshot":true,"handlesAlerts":false,"databaseEnabled":false,"locationContextEnabled":false,"applicationCacheEnabled":false,"browserConnectionEnabled":false,"cssSelectorsEnabled":true,"webStorageEnabled":false,"rotatable":false,"acceptSslCerts":false,"nativeEvents":true,"proxy":{"proxyType":"direct"}}
[INFO  - 2015-02-28T04:23:07.245Z] SessionManagerReqHand - _postNewSessionCommand - New Session Created: 7edf8d90-bf01-11e4-8bce-65907ff40b90
[INFO  - 2015-02-28T04:23:27.635Z] SessionManagerReqHand - _cleanupWindowlessSessions - Asynchronous Sessions clean-up phase starting NOW
[INFO  - 2015-02-28T04:23:29.798Z] SessionManagerReqHand - _cleanupWindowlessSessions - Asynchronous Sessions clean-up phase starting NOW
[INFO  - 2015-02-28T04:23:36.550Z] SessionManagerReqHand - _cleanupWindowlessSessions - Asynchronous Sessions clean-up phase starting NOW
[INFO  - 2015-02-28T04:23:49.258Z] SessionManagerReqHand - _cleanupWindowlessSessions - Asynchronous Sessions clean-up phase starting NOW
[INFO  - 2015-02-28T04:23:51.317Z] SessionManagerReqHand - _cleanupWindowlessSessions - Asynchronous Sessions clean-up phase starting NOW
[INFO  - 2015-02-28T04:24:00.149Z] GhostDriver - Main - running on port 48963
[INFO  - 2015-02-28T04:24:00.450Z] Session [9e95d6d0-bf01-11e4-85a5-7bb475cfc84d] - page.settings - {"XSSAuditingEnabled":false,"javascriptCanCloseWindows":true,"javascriptCanOpenWindows":true,"javascriptEnabled":true,"loadImages":true,"localToRemoteUrlAccessEnabled":false,"userAgent":"Mozilla/5.0 (Macintosh; PPC Mac OS X) AppleWebKit/534.34 (KHTML, like Gecko) PhantomJS/1.9.8 Safari/534.34","webSecurityEnabled":true}
[INFO  - 2015-02-28T04:24:00.450Z] Session [9e95d6d0-bf01-11e4-85a5-7bb475cfc84d] - page.customHeaders:  - {}
[INFO  - 2015-02-28T04:24:00.450Z] Session [9e95d6d0-bf01-11e4-85a5-7bb475cfc84d] - Session.negotiatedCapabilities - {"browserName":"phantomjs","version":"1.9.8","driverName":"ghostdriver","driverVersion":"1.1.0","platform":"mac-10.10 (Yosemite)-64bit","javascriptEnabled":true,"takesScreenshot":true,"handlesAlerts":false,"databaseEnabled":false,"locationContextEnabled":false,"applicationCacheEnabled":false,"browserConnectionEnabled":false,"cssSelectorsEnabled":true,"webStorageEnabled":false,"rotatable":false,"acceptSslCerts":false,"nativeEvents":true,"proxy":{"proxyType":"direct"}}
[INFO  - 2015-02-28T04:24:00.450Z] SessionManagerReqHand - _postNewSessionCommand - New Session Created: 9e95d6d0-bf01-11e4-85a5-7bb475cfc84d
[INFO  - 2015-02-28T04:24:33.345Z] SessionManagerReqHand - _cleanupWindowlessSessions - Asynchronous Sessions clean-up phase starting NOW
[INFO  - 2015-02-28T04:24:49.039Z] SessionManagerReqHand - _cleanupWindowlessSessions - Asynchronous Sessions clean-up phase starting NOW
[INFO  - 2015-02-28T04:25:03.130Z] SessionManagerReqHand - _cleanupWindowlessSessions - Asynchronous Sessions clean-up phase starting NOW
[INFO  - 2015-02-28T04:25:14.997Z] SessionManagerReqHand - _cleanupWindowlessSessions - Asynchronous Sessions clean-up phase starting NOW
[INFO  - 2015-02-28T04:25:17.990Z] SessionManagerReqHand - _cleanupWindowlessSessions - Asynchronous Sessions clean-up phase starting NOW
[INFO  - 2015-02-28T04:25:39.016Z] SessionManagerReqHand - _cleanupWindowlessSessions - Asynchronous Sessions clean-up phase starting NOW
[INFO  - 2015-02-28T04:25:39.483Z] SessionManagerReqHand - _cleanupWindowlessSessions - Asynchronous Sessions clean-up phase starting NOW
[INFO  - 2015-02-28T04:25:41.283Z] SessionManagerReqHand - _cleanupWindowlessSessions - Asynchronous Sessions clean-up phase starting NOW
[INFO  - 2015-02-28T04:26:01.477Z] SessionManagerReqHand - _cleanupWindowlessSessions - Asynchronous Sessions clean-up phase starting NOW
[INFO  - 2015-02-28T04:26:04.665Z] SessionManagerReqHand - _cleanupWindowlessSessions - Asynchronous Sessions clean-up phase starting NOW
[INFO  - 2015-02-28T04:26:13.690Z] GhostDriver - Main - running on port 7369
[INFO  - 2015-02-28T04:26:14.239Z] Session [ee5492b0-bf01-11e4-bfeb-d9a7e7cc82d5] - page.settings - {"XSSAuditingEnabled":false,"javascriptCanCloseWindows":true,"javascriptCanOpenWindows":true,"javascriptEnabled":true,"loadImages":true,"localToRemoteUrlAccessEnabled":false,"userAgent":"Mozilla/5.0 (Macintosh; PPC Mac OS X) AppleWebKit/534.34 (KHTML, like Gecko) PhantomJS/1.9.8 Safari/534.34","webSecurityEnabled":true}
[INFO  - 2015-02-28T04:26:14.239Z] Session [ee5492b0-bf01-11e4-bfeb-d9a7e7cc82d5] - page.customHeaders:  - {}
[INFO  - 2015-02-28T04:26:14.240Z] Session [ee5492b0-bf01-11e4-bfeb-d9a7e7cc82d5] - Session.negotiatedCapabilities - {"browserName":"phantomjs","version":"1.9.8","driverName":"ghostdriver","driverVersion":"1.1.0","platform":"mac-10.10 (Yosemite)-64bit","javascriptEnabled":true,"takesScreenshot":true,"handlesAlerts":false,"databaseEnabled":false,"locationContextEnabled":false,"applicationCacheEnabled":false,"browserConnectionEnabled":false,"cssSelectorsEnabled":true,"webStorageEnabled":false,"rotatable":false,"acceptSslCerts":false,"nativeEvents":true,"proxy":{"proxyType":"direct"}}
[INFO  - 2015-02-28T04:26:14.240Z] SessionManagerReqHand - _postNewSessionCommand - New Session Created: ee5492b0-bf01-11e4-bfeb-d9a7e7cc82d5
[INFO  - 2015-02-28T04:26:24.030Z] SessionManagerReqHand - _cleanupWindowlessSessions - Asynchronous Sessions clean-up phase starting NOW
[INFO  - 2015-02-28T04:26:36.826Z] SessionManagerReqHand - _cleanupWindowlessSessions - Asynchronous Sessions clean-up phase starting NOW
[INFO  - 2015-02-28T04:28:00.308Z] SessionManagerReqHand - _cleanupWindowlessSessions - Asynchronous Sessions clean-up phase starting NOW
[INFO  - 2015-02-28T04:28:07.000Z] SessionManagerReqHand - _cleanupWindowlessSessions - Asynchronous Sessions clean-up phase starting NOW
[INFO  - 2015-02-28T04:28:27.640Z] SessionManagerReqHand - _cleanupWindowlessSessions - Asynchronous Sessions clean-up phase starting NOW
[INFO  - 2015-02-28T04:28:29.804Z] SessionManagerReqHand - _cleanupWindowlessSessions - Asynchronous Sessions clean-up phase starting NOW
[INFO  - 2015-02-28T04:28:36.552Z] SessionManagerReqHand - _cleanupWindowlessSessions - Asynchronous Sessions clean-up phase starting NOW
[INFO  - 2015-02-28T04:28:49.263Z] SessionManagerReqHand - _cleanupWindowlessSessions - Asynchronous Sessions clean-up phase starting NOW
[INFO  - 2015-02-28T04:28:51.323Z] SessionManagerReqHand - _cleanupWindowlessSessions - Asynchronous Sessions clean-up phase starting NOW
[INFO  - 2015-02-28T04:29:00.151Z] SessionManagerReqHand - _cleanupWindowlessSessions - Asynchronous Sessions clean-up phase starting NOW
[INFO  - 2015-02-28T04:29:33.348Z] SessionManagerReqHand - _cleanupWindowlessSessions - Asynchronous Sessions clean-up phase starting NOW
